#
# There is insufficient memory for the Java Runtime Environment to continue.
# Native memory allocation (mmap) failed to map 268435456 bytes for Failed to commit area from 0x0000000700c00000 to 0x0000000710c00000 of length 268435456.
# Possible reasons:
#   The system is out of physical RAM or swap space
#   The process is running with CompressedOops enabled, and the Java Heap may be blocking the growth of the native heap
# Possible solutions:
#   Reduce memory load on the system
#   Increase physical memory or swap space
#   Check if swap backing store is full
#   Decrease Java heap size (-Xmx/-Xms)
#   Decrease number of Java threads
#   Decrease Java thread stack sizes (-Xss)
#   Set larger code cache with -XX:ReservedCodeCacheSize=
# This output file may be truncated or incomplete.
#
#  Out of Memory Error (src/hotspot/os/windows/os_windows.cpp:3624), pid=31428, tid=25176
#
# JRE version:  (11.0.14.1+1) (build )
# Java VM: OpenJDK 64-Bit Server VM (11.0.14.1+1-b2043.25, mixed mode, sharing, tiered, compressed oops, g1 gc, windows-amd64)
# No core dump will be written. Minidumps are not enabled by default on client versions of Windows
#

---------------  S U M M A R Y ------------

Command Line: git4idea.http.GitAskPassApp Username for 'https://github.com': 

Host: AMD Ryzen 9 3900X 12-Core Processor            , 24 cores, 15G,  Windows 11 , 64 bit Build 22621 (10.0.22621.1485)
Time: Sun Apr 23 16:45:25 2023 Sri Lanka Standard Time elapsed time: 0.053062 seconds (0d 0h 0m 0s)

---------------  T H R E A D  ---------------

Current thread (0x0000014497470000):  JavaThread "Unknown thread" [_thread_in_vm, id=25176, stack(0x00000043db000000,0x00000043db100000)]

Stack: [0x00000043db000000,0x00000043db100000]
Native frames: (J=compiled Java code, j=interpreted, Vv=VM code, C=native code)
V  [jvm.dll+0x61618a]
V  [jvm.dll+0x79c450]
V  [jvm.dll+0x79da6d]
V  [jvm.dll+0x79e143]
V  [jvm.dll+0x24c968]
V  [jvm.dll+0x6131f4]
V  [jvm.dll+0x607ef5]
V  [jvm.dll+0x30b35b]
V  [jvm.dll+0x30b2ca]
V  [jvm.dll+0x30b1a2]
V  [jvm.dll+0x3100f6]
V  [jvm.dll+0x35b7e3]
V  [jvm.dll+0x35bee6]
V  [jvm.dll+0x35b8e3]
V  [jvm.dll+0x2e5b68]
V  [jvm.dll+0x2e6d17]
V  [jvm.dll+0x779087]
V  [jvm.dll+0x77a87c]
V  [jvm.dll+0x368d99]
V  [jvm.dll+0x75c9de]
V  [jvm.dll+0x3d6d53]
V  [jvm.dll+0x3d92f1]
C  [jli.dll+0x536b]
C  [ucrtbase.dll+0x29363]
C  [KERNEL32.DLL+0x1269d]
C  [ntdll.dll+0x5a9f8]


---------------  P R O C E S S  ---------------

Threads class SMR info:
_java_thread_list=0x00000144950db600, length=0, elements={
}

Java Threads: ( => current thread )

Other Threads:
  0x000001449748d000 GCTaskThread "GC Thread#0" [stack: 0x00000043db100000,0x00000043db200000] [id=18332]
  0x00000144974eb800 ConcurrentGCThread "G1 Main Marker" [stack: 0x00000043db200000,0x00000043db300000] [id=29368]
  0x00000144974ed800 ConcurrentGCThread "G1 Conc#0" [stack: 0x00000043db300000,0x00000043db400000] [id=19624]

[error occurred during error reporting (printing all threads), id 0xc0000005, EXCEPTION_ACCESS_VIOLATION (0xc0000005) at pc=0x00007ffca0636177]

VM state:not at safepoint (not fully initialized)

VM Mutex/Monitor currently owned by a thread:  ([mutex/lock_event])
[0x000001449746ea60] Heap_lock - owner thread: 0x0000014497470000

Heap address: 0x0000000700c00000, size: 4084 MB, Compressed Oops mode: Non-zero based: 0x0000000700c00000
Narrow klass base: 0x0000000000000000, Narrow klass shift: 0

GC Heap History (0 events):
No events

Deoptimization events (0 events):
No events

Classes redefined (0 events):
No events

Internal exceptions (0 events):
No events

Events (1 events):
Event: 0.006 Loaded shared library D:\Software\webstorm\WebStorm 2022.1\jbr\bin\zip.dll


Dynamic libraries:
0x00007ff6cf490000 - 0x00007ff6cf49a000 	D:\Software\webstorm\WebStorm 2022.1\jbr\bin\java.exe
0x00007ffd6eb30000 - 0x00007ffd6ed44000 	C:\WINDOWS\SYSTEM32\ntdll.dll
0x00007ffd6e350000 - 0x00007ffd6e412000 	C:\WINDOWS\System32\KERNEL32.DLL
0x00007ffd6c060000 - 0x00007ffd6c3fc000 	C:\WINDOWS\System32\KERNELBASE.dll
0x00007ffd6c570000 - 0x00007ffd6c681000 	C:\WINDOWS\System32\ucrtbase.dll
0x00007ffd21b40000 - 0x00007ffd21b59000 	D:\Software\webstorm\WebStorm 2022.1\jbr\bin\jli.dll
0x00007ffd21a00000 - 0x00007ffd21a16000 	D:\Software\webstorm\WebStorm 2022.1\jbr\bin\VCRUNTIME140.dll
0x00007ffd6d740000 - 0x00007ffd6d8eb000 	C:\WINDOWS\System32\USER32.dll
0x00007ffd6c730000 - 0x00007ffd6c756000 	C:\WINDOWS\System32\win32u.dll
0x00007ffd5de50000 - 0x00007ffd5e0de000 	C:\WINDOWS\WinSxS\amd64_microsoft.windows.common-controls_6595b64144ccf1df_6.0.22621.608_none_a9444ca7c10bb01d\COMCTL32.dll
0x00007ffd6e5d0000 - 0x00007ffd6e677000 	C:\WINDOWS\System32\msvcrt.dll
0x00007ffd6c910000 - 0x00007ffd6c939000 	C:\WINDOWS\System32\GDI32.dll
0x00007ffd6bf40000 - 0x00007ffd6c053000 	C:\WINDOWS\System32\gdi32full.dll
0x00007ffd6c690000 - 0x00007ffd6c72a000 	C:\WINDOWS\System32\msvcp_win.dll
0x00007ffd6e4e0000 - 0x00007ffd6e511000 	C:\WINDOWS\System32\IMM32.DLL
0x00007ffcdfe60000 - 0x00007ffcdff0a000 	D:\Software\webstorm\WebStorm 2022.1\jbr\bin\msvcp140.dll
0x00007ffca0340000 - 0x00007ffca0eba000 	D:\Software\webstorm\WebStorm 2022.1\jbr\bin\server\jvm.dll
0x00007ffd6e000000 - 0x00007ffd6e0ae000 	C:\WINDOWS\System32\ADVAPI32.dll
0x00007ffd6e680000 - 0x00007ffd6e724000 	C:\WINDOWS\System32\sechost.dll
0x00007ffd6e7c0000 - 0x00007ffd6e8d7000 	C:\WINDOWS\System32\RPCRT4.dll
0x00007ffd6cdc0000 - 0x00007ffd6cdc8000 	C:\WINDOWS\System32\PSAPI.DLL
0x00007ffd43e90000 - 0x00007ffd43e99000 	C:\WINDOWS\SYSTEM32\WSOCK32.dll
0x00007ffd64460000 - 0x00007ffd64494000 	C:\WINDOWS\SYSTEM32\WINMM.dll
0x00007ffd6d5c0000 - 0x00007ffd6d631000 	C:\WINDOWS\System32\WS2_32.dll
0x00007ffd613a0000 - 0x00007ffd613aa000 	C:\WINDOWS\SYSTEM32\VERSION.dll
0x00007ffd6af50000 - 0x00007ffd6af68000 	C:\WINDOWS\SYSTEM32\kernel.appcore.dll
0x00007ffd365b0000 - 0x00007ffd365c1000 	D:\Software\webstorm\WebStorm 2022.1\jbr\bin\verify.dll
0x00007ffd5e320000 - 0x00007ffd5e54e000 	C:\WINDOWS\SYSTEM32\DBGHELP.DLL
0x00007ffd6dbb0000 - 0x00007ffd6df39000 	C:\WINDOWS\System32\combase.dll
0x00007ffd6d640000 - 0x00007ffd6d717000 	C:\WINDOWS\System32\OLEAUT32.dll
0x00007ffd4fa80000 - 0x00007ffd4fab2000 	C:\WINDOWS\SYSTEM32\dbgcore.DLL
0x00007ffd6c760000 - 0x00007ffd6c7db000 	C:\WINDOWS\System32\bcryptPrimitives.dll
0x00007ffd1f4d0000 - 0x00007ffd1f4f9000 	D:\Software\webstorm\WebStorm 2022.1\jbr\bin\java.dll
0x00007ffd67040000 - 0x00007ffd6704b000 	D:\Software\webstorm\WebStorm 2022.1\jbr\bin\jimage.dll
0x00007ffce1e40000 - 0x00007ffce1e59000 	D:\Software\webstorm\WebStorm 2022.1\jbr\bin\zip.dll

dbghelp: loaded successfully - version: 4.0.5 - missing functions: none
symbol engine: initialized successfully - sym options: 0x614 - pdb path: .;D:\Software\webstorm\WebStorm 2022.1\jbr\bin;C:\WINDOWS\SYSTEM32;C:\WINDOWS\WinSxS\amd64_microsoft.windows.common-controls_6595b64144ccf1df_6.0.22621.608_none_a9444ca7c10bb01d;D:\Software\webstorm\WebStorm 2022.1\jbr\bin\server

VM Arguments:
java_command: git4idea.http.GitAskPassApp Username for 'https://github.com': 
java_class_path (initial): D:/Software/webstorm/WebStorm 2022.1/plugins/git4idea/lib/git4idea-rt.jar;D:/Software/webstorm/WebStorm 2022.1/lib/externalProcess-rt.jar;D:/Software/webstorm/WebStorm 2022.1/lib/app.jar;D:/Software/webstorm/WebStorm 2022.1/lib/3rd-party-rt.jar
Launcher Type: SUN_STANDARD

[Global flags]
     intx CICompilerCount                          = 12                                        {product} {ergonomic}
     uint ConcGCThreads                            = 5                                         {product} {ergonomic}
     uint G1ConcRefinementThreads                  = 18                                        {product} {ergonomic}
   size_t G1HeapRegionSize                         = 1048576                                   {product} {ergonomic}
    uintx GCDrainStackTargetSize                   = 64                                        {product} {ergonomic}
   size_t InitialHeapSize                          = 268435456                                 {product} {ergonomic}
   size_t MarkStackSize                            = 4194304                                   {product} {ergonomic}
   size_t MaxHeapSize                              = 4282384384                                {product} {ergonomic}
   size_t MinHeapDeltaBytes                        = 1048576                                   {product} {ergonomic}
    uintx NonNMethodCodeHeapSize                   = 7594288                                {pd product} {ergonomic}
    uintx NonProfiledCodeHeapSize                  = 122031976                              {pd product} {ergonomic}
    uintx ProfiledCodeHeapSize                     = 122031976                              {pd product} {ergonomic}
    uintx ReservedCodeCacheSize                    = 251658240                              {pd product} {ergonomic}
     bool SegmentedCodeCache                       = true                                      {product} {ergonomic}
     bool UseCompressedClassPointers               = true                                 {lp64_product} {ergonomic}
     bool UseCompressedOops                        = true                                 {lp64_product} {ergonomic}
     bool UseG1GC                                  = true                                      {product} {ergonomic}
     bool UseLargePagesIndividualAllocation        = false                                  {pd product} {ergonomic}

Logging:
Log output configuration:
 #0: stdout all=warning uptime,level,tags
 #1: stderr all=off uptime,level,tags

Environment Variables:
JAVA_HOME=F:\Software\Java JDK 11
PATH=F:\Software\Git\Git\mingw64\libexec\git-core;F:\Software\Git\Git\mingw64\libexec\git-core;F:\Software\Git\Git\mingw64\bin;F:\Software\Git\Git\usr\bin;C:\Users\Admin\bin;C:\Program Files\Common Files\Oracle\Java\javapath;C:\Program Files (x86)\Common Files\Intel\Shared Libraries\redist\intel64_win\compiler;C:\Program Files (x86)\Common Files\Intel\Shared Libraries\redist\intel64\compiler;C:\Program Files (x86)\Common Files\Oracle\Java\javapath;C:\Windows\system32;C:\Windows;C:\Windows\System32\Wbem;C:\Windows\System32\WindowsPowerShell\v1.0;C:\Windows\System32\OpenSSH;C:\Program Files (x86)\NVIDIA Corporation\PhysX\Common;C:\Program Files\Common Files\Autodesk Shared;C:\Program Files\Microsoft SQL Server\120\Tools\Binn;C:\WINDOWS\system32;C:\WINDOWS;C:\WINDOWS\System32\Wbem;C:\WINDOWS\System32\WindowsPowerShell\v1.0;C:\WINDOWS\System32\OpenSSH;D:\Software\MatLab\runtime\win64;D:\Software\MatLab\bin;D:\Software\MatLab\polyspace\bin;F:\Software\Putty;C:\Program Files\Microchip\xc8\v2.31\bin;C:\Program Files\nodejs;C:\Program Files (x86)\Windows Live\Shared;F:\Software\Git\Git\cmd;F:\Software\PHP\php-8.1.5-Win32-vs16-x64;F:\Software\ffmpeg\ffmpeg\bin;C:\Program Files\MySQL\MySQL Server 8.0\bin;C:\Program Files\Microsoft SQL Server\Client SDK\ODBC\170\Tools\Binn;C:\Program Files (x86)\Microsoft SQL Server\150\Tools\Binn;C:\Program Files\Microsoft SQL Server\150\Tools\Binn;C:\Program Files\Microsoft SQL Server\150\DTS\Binn;C:\Program Files (x86)\Windows Kits\8.1\Windows Performance Toolkit;C:\Program Files\NVIDIA Corporation\NVIDIA NvDLISR;C:\Program Files (x86)\dotnet;C:\Users\Admin\AppData\Local\Android\Sdk\platform-tools;C:\Users\Admin\AppData\Local\Programs\Python\Python39\python.exe;C:\WINDOWS\system32;C:\WINDOWS;C:\WINDOWS\System32\Wbem;C:\WINDOWS\System32\WindowsPowerShell\v1.0;C:\WINDOWS\System32\OpenSSH;C:\Program Files (x86)\Nmap;C:\usr\bin;C:\Program Files\MySQL\MySQL Shell 8.0\bin;C:\Users\Admin\AppData\Local\Programs\Python\Python39\Scripts;C:\Users\Admin\A
USERNAME=Admin
DISPLAY=:0.0
LC_ALL=en_US.UTF-8
OS=Windows_NT
PROCESSOR_IDENTIFIER=AMD64 Family 23 Model 113 Stepping 0, AuthenticAMD



---------------  S Y S T E M  ---------------

OS: Windows 11 , 64 bit Build 22621 (10.0.22621.1485)
OS uptime: 1 days 0:02 hours
Hyper-V role detected

CPU:total 24 (initial active 24) (24 cores per cpu, 2 threads per core) family 23 model 113 stepping 0 microcode 0x0, cmov, cx8, fxsr, mmx, sse, sse2, sse3, ssse3, sse4.1, sse4.2, popcnt, avx, avx2, aes, clmul, mmxext, 3dnowpref, lzcnt, sse4a, ht, tsc, tscinvbit, tscinv, bmi1, bmi2, adx, sha, fma

Memory: 4k page, system-wide physical 16329M (830M free)
TotalPageFile size 30356M (AvailPageFile size 59M)
current process WorkingSet (physical memory assigned to process): 11M, peak: 11M
current process commit charge ("private bytes"): 82M, peak: 338M

vm_info: OpenJDK 64-Bit Server VM (11.0.14.1+1-b2043.25) for windows-amd64 JRE (11.0.14.1+1-b2043.25), built on Mar 30 2022 06:22:56 by "" with MS VC++ 14.0 (VS2015)

END.
